2020-05-12 15:04:15.581  INFO 29348 --- [main] life.usc.study.StudyApplication          : Starting StudyApplication on DESKTOP-SO9EI3Q with PID 29348 (C:\WJJ\java\IDEAIU-workspace\study\target\classes started by WANG in C:\WJJ\java\IDEAIU-workspace\study)
2020-05-12 15:04:15.590  INFO 29348 --- [main] life.usc.study.StudyApplication          : No active profile set, falling back to default profiles: default
2020-05-12 15:04:16.944  INFO 29348 --- [main] o.s.b.w.embedded.tomcat.TomcatWebServer  : Tomcat initialized with port(s): 8080 (http)
2020-05-12 15:04:16.953  INFO 29348 --- [main] o.apache.catalina.core.StandardService   : Starting service [Tomcat]
2020-05-12 15:04:16.954  INFO 29348 --- [main] org.apache.catalina.core.StandardEngine  : Starting Servlet engine: [Apache Tomcat/9.0.33]
2020-05-12 15:04:17.053  INFO 29348 --- [main] o.a.c.c.C.[Tomcat].[localhost].[/]       : Initializing Spring embedded WebApplicationContext
2020-05-12 15:04:17.053  INFO 29348 --- [main] o.s.web.context.ContextLoader            : Root WebApplicationContext: initialization completed in 1399 ms
2020-05-12 15:04:17.690  INFO 29348 --- [main] o.s.s.concurrent.ThreadPoolTaskExecutor  : Initializing ExecutorService 'applicationTaskExecutor'
2020-05-12 15:04:17.765  INFO 29348 --- [main] o.s.b.a.w.s.WelcomePageHandlerMapping    : Adding welcome page template: index
2020-05-12 15:04:17.982  INFO 29348 --- [main] o.s.s.c.ThreadPoolTaskScheduler          : Initializing ExecutorService 'taskScheduler'
2020-05-12 15:04:18.016  INFO 29348 --- [scheduling-1] life.usc.study.schedule.HotTagTasks      : The time is now Tue May 12 15:04:18 PDT 2020
2020-05-12 15:04:18.039  INFO 29348 --- [main] o.s.b.w.embedded.tomcat.TomcatWebServer  : Tomcat started on port(s): 8080 (http) with context path ''
2020-05-12 15:04:18.042  INFO 29348 --- [main] life.usc.study.StudyApplication          : Started StudyApplication in 2.962 seconds (JVM running for 4.926)
2020-05-12 15:04:23.018  INFO 29348 --- [scheduling-1] life.usc.study.schedule.HotTagTasks      : The time is now Tue May 12 15:04:23 PDT 2020
2020-05-12 15:04:28.018  INFO 29348 --- [scheduling-1] life.usc.study.schedule.HotTagTasks      : The time is now Tue May 12 15:04:28 PDT 2020
2020-05-12 15:04:33.018  INFO 29348 --- [scheduling-1] life.usc.study.schedule.HotTagTasks      : The time is now Tue May 12 15:04:33 PDT 2020
2020-05-12 15:04:38.016  INFO 29348 --- [scheduling-1] life.usc.study.schedule.HotTagTasks      : The time is now Tue May 12 15:04:38 PDT 2020
2020-05-12 15:04:43.018  INFO 29348 --- [scheduling-1] life.usc.study.schedule.HotTagTasks      : The time is now Tue May 12 15:04:43 PDT 2020
2020-05-12 15:04:48.018  INFO 29348 --- [scheduling-1] life.usc.study.schedule.HotTagTasks      : The time is now Tue May 12 15:04:48 PDT 2020
2020-05-12 15:04:53.018  INFO 29348 --- [scheduling-1] life.usc.study.schedule.HotTagTasks      : The time is now Tue May 12 15:04:53 PDT 2020
2020-05-12 15:04:58.017  INFO 29348 --- [scheduling-1] life.usc.study.schedule.HotTagTasks      : The time is now Tue May 12 15:04:58 PDT 2020
2020-05-12 15:05:03.017  INFO 29348 --- [scheduling-1] life.usc.study.schedule.HotTagTasks      : The time is now Tue May 12 15:05:03 PDT 2020
2020-05-12 15:05:08.018  INFO 29348 --- [scheduling-1] life.usc.study.schedule.HotTagTasks      : The time is now Tue May 12 15:05:08 PDT 2020
2020-05-12 15:05:13.018  INFO 29348 --- [scheduling-1] life.usc.study.schedule.HotTagTasks      : The time is now Tue May 12 15:05:13 PDT 2020
2020-05-12 15:05:18.018  INFO 29348 --- [scheduling-1] life.usc.study.schedule.HotTagTasks      : The time is now Tue May 12 15:05:18 PDT 2020
2020-05-12 15:05:23.018  INFO 29348 --- [scheduling-1] life.usc.study.schedule.HotTagTasks      : The time is now Tue May 12 15:05:23 PDT 2020
2020-05-12 15:05:28.016  INFO 29348 --- [scheduling-1] life.usc.study.schedule.HotTagTasks      : The time is now Tue May 12 15:05:28 PDT 2020
2020-05-12 15:05:33.018  INFO 29348 --- [scheduling-1] life.usc.study.schedule.HotTagTasks      : The time is now Tue May 12 15:05:33 PDT 2020
2020-05-12 15:05:38.017  INFO 29348 --- [scheduling-1] life.usc.study.schedule.HotTagTasks      : The time is now Tue May 12 15:05:38 PDT 2020
2020-05-12 15:05:43.018  INFO 29348 --- [scheduling-1] life.usc.study.schedule.HotTagTasks      : The time is now Tue May 12 15:05:43 PDT 2020
2020-05-12 15:05:48.017  INFO 29348 --- [scheduling-1] life.usc.study.schedule.HotTagTasks      : The time is now Tue May 12 15:05:48 PDT 2020
2020-05-12 15:05:53.017  INFO 29348 --- [scheduling-1] life.usc.study.schedule.HotTagTasks      : The time is now Tue May 12 15:05:53 PDT 2020
2020-05-12 15:05:58.018  INFO 29348 --- [scheduling-1] life.usc.study.schedule.HotTagTasks      : The time is now Tue May 12 15:05:58 PDT 2020
2020-05-12 15:06:03.018  INFO 29348 --- [scheduling-1] life.usc.study.schedule.HotTagTasks      : The time is now Tue May 12 15:06:03 PDT 2020
2020-05-12 15:06:08.017  INFO 29348 --- [scheduling-1] life.usc.study.schedule.HotTagTasks      : The time is now Tue May 12 15:06:08 PDT 2020
2020-05-12 15:06:13.016  INFO 29348 --- [scheduling-1] life.usc.study.schedule.HotTagTasks      : The time is now Tue May 12 15:06:13 PDT 2020
2020-05-12 15:06:18.018  INFO 29348 --- [scheduling-1] life.usc.study.schedule.HotTagTasks      : The time is now Tue May 12 15:06:18 PDT 2020
2020-05-12 15:06:23.016  INFO 29348 --- [scheduling-1] life.usc.study.schedule.HotTagTasks      : The time is now Tue May 12 15:06:23 PDT 2020
2020-05-12 15:06:28.018  INFO 29348 --- [scheduling-1] life.usc.study.schedule.HotTagTasks      : The time is now Tue May 12 15:06:28 PDT 2020
2020-05-12 15:06:33.018  INFO 29348 --- [scheduling-1] life.usc.study.schedule.HotTagTasks      : The time is now Tue May 12 15:06:33 PDT 2020
2020-05-12 15:06:38.018  INFO 29348 --- [scheduling-1] life.usc.study.schedule.HotTagTasks      : The time is now Tue May 12 15:06:38 PDT 2020
2020-05-12 15:06:43.018  INFO 29348 --- [scheduling-1] life.usc.study.schedule.HotTagTasks      : The time is now Tue May 12 15:06:43 PDT 2020
2020-05-12 15:06:48.018  INFO 29348 --- [scheduling-1] life.usc.study.schedule.HotTagTasks      : The time is now Tue May 12 15:06:48 PDT 2020
2020-05-12 15:06:53.018  INFO 29348 --- [scheduling-1] life.usc.study.schedule.HotTagTasks      : The time is now Tue May 12 15:06:53 PDT 2020
2020-05-12 15:06:58.017  INFO 29348 --- [scheduling-1] life.usc.study.schedule.HotTagTasks      : The time is now Tue May 12 15:06:58 PDT 2020
2020-05-12 15:07:03.016  INFO 29348 --- [scheduling-1] life.usc.study.schedule.HotTagTasks      : The time is now Tue May 12 15:07:03 PDT 2020
2020-05-12 15:07:08.018  INFO 29348 --- [scheduling-1] life.usc.study.schedule.HotTagTasks      : The time is now Tue May 12 15:07:08 PDT 2020
2020-05-12 15:07:13.018  INFO 29348 --- [scheduling-1] life.usc.study.schedule.HotTagTasks      : The time is now Tue May 12 15:07:13 PDT 2020
2020-05-12 15:07:18.017  INFO 29348 --- [scheduling-1] life.usc.study.schedule.HotTagTasks      : The time is now Tue May 12 15:07:18 PDT 2020
2020-05-12 15:07:23.018  INFO 29348 --- [scheduling-1] life.usc.study.schedule.HotTagTasks      : The time is now Tue May 12 15:07:23 PDT 2020
2020-05-12 15:07:28.017  INFO 29348 --- [scheduling-1] life.usc.study.schedule.HotTagTasks      : The time is now Tue May 12 15:07:28 PDT 2020
2020-05-12 15:07:33.018  INFO 29348 --- [scheduling-1] life.usc.study.schedule.HotTagTasks      : The time is now Tue May 12 15:07:33 PDT 2020
2020-05-12 15:07:38.017  INFO 29348 --- [scheduling-1] life.usc.study.schedule.HotTagTasks      : The time is now Tue May 12 15:07:38 PDT 2020
2020-05-12 15:07:43.018  INFO 29348 --- [scheduling-1] life.usc.study.schedule.HotTagTasks      : The time is now Tue May 12 15:07:43 PDT 2020
2020-05-12 15:07:48.018  INFO 29348 --- [scheduling-1] life.usc.study.schedule.HotTagTasks      : The time is now Tue May 12 15:07:48 PDT 2020
2020-05-12 15:07:53.018  INFO 29348 --- [scheduling-1] life.usc.study.schedule.HotTagTasks      : The time is now Tue May 12 15:07:53 PDT 2020
2020-05-12 15:07:58.018  INFO 29348 --- [scheduling-1] life.usc.study.schedule.HotTagTasks      : The time is now Tue May 12 15:07:58 PDT 2020
2020-05-12 15:08:03.018  INFO 29348 --- [scheduling-1] life.usc.study.schedule.HotTagTasks      : The time is now Tue May 12 15:08:03 PDT 2020
2020-05-12 15:08:08.018  INFO 29348 --- [scheduling-1] life.usc.study.schedule.HotTagTasks      : The time is now Tue May 12 15:08:08 PDT 2020
2020-05-12 15:08:13.018  INFO 29348 --- [scheduling-1] life.usc.study.schedule.HotTagTasks      : The time is now Tue May 12 15:08:13 PDT 2020
2020-05-12 15:08:18.018  INFO 29348 --- [scheduling-1] life.usc.study.schedule.HotTagTasks      : The time is now Tue May 12 15:08:18 PDT 2020
2020-05-12 15:08:23.016  INFO 29348 --- [scheduling-1] life.usc.study.schedule.HotTagTasks      : The time is now Tue May 12 15:08:23 PDT 2020
2020-05-12 15:08:28.018  INFO 29348 --- [scheduling-1] life.usc.study.schedule.HotTagTasks      : The time is now Tue May 12 15:08:28 PDT 2020
2020-05-12 15:08:33.016  INFO 29348 --- [scheduling-1] life.usc.study.schedule.HotTagTasks      : The time is now Tue May 12 15:08:33 PDT 2020
2020-05-12 15:08:38.018  INFO 29348 --- [scheduling-1] life.usc.study.schedule.HotTagTasks      : The time is now Tue May 12 15:08:38 PDT 2020
2020-05-12 15:08:43.018  INFO 29348 --- [scheduling-1] life.usc.study.schedule.HotTagTasks      : The time is now Tue May 12 15:08:43 PDT 2020
2020-05-12 15:08:48.017  INFO 29348 --- [scheduling-1] life.usc.study.schedule.HotTagTasks      : The time is now Tue May 12 15:08:48 PDT 2020
2020-05-12 15:08:53.017  INFO 29348 --- [scheduling-1] life.usc.study.schedule.HotTagTasks      : The time is now Tue May 12 15:08:53 PDT 2020
2020-05-12 15:08:58.018  INFO 29348 --- [scheduling-1] life.usc.study.schedule.HotTagTasks      : The time is now Tue May 12 15:08:58 PDT 2020
2020-05-12 15:09:03.018  INFO 29348 --- [scheduling-1] life.usc.study.schedule.HotTagTasks      : The time is now Tue May 12 15:09:03 PDT 2020
2020-05-12 15:09:08.018  INFO 29348 --- [scheduling-1] life.usc.study.schedule.HotTagTasks      : The time is now Tue May 12 15:09:08 PDT 2020
2020-05-12 15:09:13.017  INFO 29348 --- [scheduling-1] life.usc.study.schedule.HotTagTasks      : The time is now Tue May 12 15:09:13 PDT 2020
2020-05-12 15:09:18.018  INFO 29348 --- [scheduling-1] life.usc.study.schedule.HotTagTasks      : The time is now Tue May 12 15:09:18 PDT 2020
2020-05-12 15:09:23.017  INFO 29348 --- [scheduling-1] life.usc.study.schedule.HotTagTasks      : The time is now Tue May 12 15:09:23 PDT 2020
2020-05-12 15:09:28.017  INFO 29348 --- [scheduling-1] life.usc.study.schedule.HotTagTasks      : The time is now Tue May 12 15:09:28 PDT 2020
2020-05-12 15:09:33.017  INFO 29348 --- [scheduling-1] life.usc.study.schedule.HotTagTasks      : The time is now Tue May 12 15:09:33 PDT 2020
2020-05-12 15:09:38.018  INFO 29348 --- [scheduling-1] life.usc.study.schedule.HotTagTasks      : The time is now Tue May 12 15:09:38 PDT 2020
2020-05-12 15:09:43.017  INFO 29348 --- [scheduling-1] life.usc.study.schedule.HotTagTasks      : The time is now Tue May 12 15:09:43 PDT 2020
2020-05-12 15:09:48.018  INFO 29348 --- [scheduling-1] life.usc.study.schedule.HotTagTasks      : The time is now Tue May 12 15:09:48 PDT 2020
2020-05-12 15:09:53.018  INFO 29348 --- [scheduling-1] life.usc.study.schedule.HotTagTasks      : The time is now Tue May 12 15:09:53 PDT 2020
2020-05-12 15:09:58.017  INFO 29348 --- [scheduling-1] life.usc.study.schedule.HotTagTasks      : The time is now Tue May 12 15:09:58 PDT 2020
2020-05-12 15:10:03.018  INFO 29348 --- [scheduling-1] life.usc.study.schedule.HotTagTasks      : The time is now Tue May 12 15:10:03 PDT 2020
2020-05-12 15:10:08.018  INFO 29348 --- [scheduling-1] life.usc.study.schedule.HotTagTasks      : The time is now Tue May 12 15:10:08 PDT 2020
2020-05-12 15:10:13.018  INFO 29348 --- [scheduling-1] life.usc.study.schedule.HotTagTasks      : The time is now Tue May 12 15:10:13 PDT 2020
2020-05-12 15:10:18.017  INFO 29348 --- [scheduling-1] life.usc.study.schedule.HotTagTasks      : The time is now Tue May 12 15:10:18 PDT 2020
2020-05-12 15:10:23.017  INFO 29348 --- [scheduling-1] life.usc.study.schedule.HotTagTasks      : The time is now Tue May 12 15:10:23 PDT 2020
2020-05-12 15:10:28.017  INFO 29348 --- [scheduling-1] life.usc.study.schedule.HotTagTasks      : The time is now Tue May 12 15:10:28 PDT 2020
2020-05-12 15:10:33.017  INFO 29348 --- [scheduling-1] life.usc.study.schedule.HotTagTasks      : The time is now Tue May 12 15:10:33 PDT 2020
2020-05-12 15:10:38.018  INFO 29348 --- [scheduling-1] life.usc.study.schedule.HotTagTasks      : The time is now Tue May 12 15:10:38 PDT 2020
2020-05-12 15:10:43.018  INFO 29348 --- [scheduling-1] life.usc.study.schedule.HotTagTasks      : The time is now Tue May 12 15:10:43 PDT 2020
2020-05-12 15:10:48.017  INFO 29348 --- [scheduling-1] life.usc.study.schedule.HotTagTasks      : The time is now Tue May 12 15:10:48 PDT 2020
2020-05-12 15:10:53.017  INFO 29348 --- [scheduling-1] life.usc.study.schedule.HotTagTasks      : The time is now Tue May 12 15:10:53 PDT 2020
2020-05-12 15:10:58.017  INFO 29348 --- [scheduling-1] life.usc.study.schedule.HotTagTasks      : The time is now Tue May 12 15:10:58 PDT 2020
2020-05-12 15:11:03.018  INFO 29348 --- [scheduling-1] life.usc.study.schedule.HotTagTasks      : The time is now Tue May 12 15:11:03 PDT 2020
2020-05-12 15:11:08.018  INFO 29348 --- [scheduling-1] life.usc.study.schedule.HotTagTasks      : The time is now Tue May 12 15:11:08 PDT 2020
2020-05-12 15:11:13.018  INFO 29348 --- [scheduling-1] life.usc.study.schedule.HotTagTasks      : The time is now Tue May 12 15:11:13 PDT 2020
2020-05-12 15:11:18.018  INFO 29348 --- [scheduling-1] life.usc.study.schedule.HotTagTasks      : The time is now Tue May 12 15:11:18 PDT 2020
2020-05-12 15:11:23.017  INFO 29348 --- [scheduling-1] life.usc.study.schedule.HotTagTasks      : The time is now Tue May 12 15:11:23 PDT 2020
2020-05-12 15:11:28.017  INFO 29348 --- [scheduling-1] life.usc.study.schedule.HotTagTasks      : The time is now Tue May 12 15:11:28 PDT 2020
2020-05-12 15:11:33.018  INFO 29348 --- [scheduling-1] life.usc.study.schedule.HotTagTasks      : The time is now Tue May 12 15:11:33 PDT 2020
2020-05-12 15:11:38.018  INFO 29348 --- [scheduling-1] life.usc.study.schedule.HotTagTasks      : The time is now Tue May 12 15:11:38 PDT 2020
2020-05-12 15:11:43.018  INFO 29348 --- [scheduling-1] life.usc.study.schedule.HotTagTasks      : The time is now Tue May 12 15:11:43 PDT 2020
2020-05-12 15:11:48.016  INFO 29348 --- [scheduling-1] life.usc.study.schedule.HotTagTasks      : The time is now Tue May 12 15:11:48 PDT 2020
2020-05-12 15:11:53.018  INFO 29348 --- [scheduling-1] life.usc.study.schedule.HotTagTasks      : The time is now Tue May 12 15:11:53 PDT 2020
2020-05-12 15:11:58.018  INFO 29348 --- [scheduling-1] life.usc.study.schedule.HotTagTasks      : The time is now Tue May 12 15:11:58 PDT 2020
2020-05-12 15:12:03.018  INFO 29348 --- [scheduling-1] life.usc.study.schedule.HotTagTasks      : The time is now Tue May 12 15:12:03 PDT 2020
2020-05-12 15:12:08.018  INFO 29348 --- [scheduling-1] life.usc.study.schedule.HotTagTasks      : The time is now Tue May 12 15:12:08 PDT 2020
2020-05-12 15:12:13.018  INFO 29348 --- [scheduling-1] life.usc.study.schedule.HotTagTasks      : The time is now Tue May 12 15:12:13 PDT 2020
2020-05-12 15:12:18.016  INFO 29348 --- [scheduling-1] life.usc.study.schedule.HotTagTasks      : The time is now Tue May 12 15:12:18 PDT 2020
2020-05-12 15:12:23.017  INFO 29348 --- [scheduling-1] life.usc.study.schedule.HotTagTasks      : The time is now Tue May 12 15:12:23 PDT 2020
2020-05-12 15:12:28.018  INFO 29348 --- [scheduling-1] life.usc.study.schedule.HotTagTasks      : The time is now Tue May 12 15:12:28 PDT 2020
2020-05-12 15:12:33.016  INFO 29348 --- [scheduling-1] life.usc.study.schedule.HotTagTasks      : The time is now Tue May 12 15:12:33 PDT 2020
2020-05-12 15:12:38.018  INFO 29348 --- [scheduling-1] life.usc.study.schedule.HotTagTasks      : The time is now Tue May 12 15:12:38 PDT 2020
2020-05-12 15:12:43.018  INFO 29348 --- [scheduling-1] life.usc.study.schedule.HotTagTasks      : The time is now Tue May 12 15:12:43 PDT 2020
2020-05-12 15:12:48.017  INFO 29348 --- [scheduling-1] life.usc.study.schedule.HotTagTasks      : The time is now Tue May 12 15:12:48 PDT 2020
2020-05-12 15:12:53.018  INFO 29348 --- [scheduling-1] life.usc.study.schedule.HotTagTasks      : The time is now Tue May 12 15:12:53 PDT 2020
2020-05-12 15:12:58.017  INFO 29348 --- [scheduling-1] life.usc.study.schedule.HotTagTasks      : The time is now Tue May 12 15:12:58 PDT 2020
2020-05-12 15:13:03.018  INFO 29348 --- [scheduling-1] life.usc.study.schedule.HotTagTasks      : The time is now Tue May 12 15:13:03 PDT 2020
2020-05-12 15:13:08.017  INFO 29348 --- [scheduling-1] life.usc.study.schedule.HotTagTasks      : The time is now Tue May 12 15:13:08 PDT 2020
2020-05-12 15:13:13.018  INFO 29348 --- [scheduling-1] life.usc.study.schedule.HotTagTasks      : The time is now Tue May 12 15:13:13 PDT 2020
2020-05-12 15:13:18.018  INFO 29348 --- [scheduling-1] life.usc.study.schedule.HotTagTasks      : The time is now Tue May 12 15:13:18 PDT 2020
2020-05-12 15:13:23.018  INFO 29348 --- [scheduling-1] life.usc.study.schedule.HotTagTasks      : The time is now Tue May 12 15:13:23 PDT 2020
2020-05-12 15:13:28.026  INFO 29348 --- [scheduling-1] life.usc.study.schedule.HotTagTasks      : The time is now Tue May 12 15:13:28 PDT 2020
2020-05-12 15:13:33.017  INFO 29348 --- [scheduling-1] life.usc.study.schedule.HotTagTasks      : The time is now Tue May 12 15:13:33 PDT 2020
2020-05-12 15:13:38.018  INFO 29348 --- [scheduling-1] life.usc.study.schedule.HotTagTasks      : The time is now Tue May 12 15:13:38 PDT 2020
2020-05-12 15:13:43.017  INFO 29348 --- [scheduling-1] life.usc.study.schedule.HotTagTasks      : The time is now Tue May 12 15:13:43 PDT 2020
2020-05-12 15:13:48.017  INFO 29348 --- [scheduling-1] life.usc.study.schedule.HotTagTasks      : The time is now Tue May 12 15:13:48 PDT 2020
2020-05-12 15:13:53.017  INFO 29348 --- [scheduling-1] life.usc.study.schedule.HotTagTasks      : The time is now Tue May 12 15:13:53 PDT 2020
2020-05-12 15:13:58.018  INFO 29348 --- [scheduling-1] life.usc.study.schedule.HotTagTasks      : The time is now Tue May 12 15:13:58 PDT 2020
2020-05-12 15:14:03.017  INFO 29348 --- [scheduling-1] life.usc.study.schedule.HotTagTasks      : The time is now Tue May 12 15:14:03 PDT 2020
2020-05-12 15:14:08.017  INFO 29348 --- [scheduling-1] life.usc.study.schedule.HotTagTasks      : The time is now Tue May 12 15:14:08 PDT 2020
2020-05-12 15:14:13.018  INFO 29348 --- [scheduling-1] life.usc.study.schedule.HotTagTasks      : The time is now Tue May 12 15:14:13 PDT 2020
2020-05-12 15:14:18.018  INFO 29348 --- [scheduling-1] life.usc.study.schedule.HotTagTasks      : The time is now Tue May 12 15:14:18 PDT 2020
2020-05-12 15:14:23.018  INFO 29348 --- [scheduling-1] life.usc.study.schedule.HotTagTasks      : The time is now Tue May 12 15:14:23 PDT 2020
2020-05-12 15:14:28.017  INFO 29348 --- [scheduling-1] life.usc.study.schedule.HotTagTasks      : The time is now Tue May 12 15:14:28 PDT 2020
2020-05-12 15:14:33.016  INFO 29348 --- [scheduling-1] life.usc.study.schedule.HotTagTasks      : The time is now Tue May 12 15:14:33 PDT 2020
2020-05-12 15:14:38.018  INFO 29348 --- [scheduling-1] life.usc.study.schedule.HotTagTasks      : The time is now Tue May 12 15:14:38 PDT 2020
2020-05-12 15:14:43.018  INFO 29348 --- [scheduling-1] life.usc.study.schedule.HotTagTasks      : The time is now Tue May 12 15:14:43 PDT 2020
2020-05-12 15:14:48.018  INFO 29348 --- [scheduling-1] life.usc.study.schedule.HotTagTasks      : The time is now Tue May 12 15:14:48 PDT 2020
2020-05-12 15:14:53.017  INFO 29348 --- [scheduling-1] life.usc.study.schedule.HotTagTasks      : The time is now Tue May 12 15:14:53 PDT 2020
2020-05-12 15:14:58.018  INFO 29348 --- [scheduling-1] life.usc.study.schedule.HotTagTasks      : The time is now Tue May 12 15:14:58 PDT 2020
2020-05-12 15:15:03.017  INFO 29348 --- [scheduling-1] life.usc.study.schedule.HotTagTasks      : The time is now Tue May 12 15:15:03 PDT 2020
2020-05-12 15:15:08.017  INFO 29348 --- [scheduling-1] life.usc.study.schedule.HotTagTasks      : The time is now Tue May 12 15:15:08 PDT 2020
2020-05-12 15:15:13.017  INFO 29348 --- [scheduling-1] life.usc.study.schedule.HotTagTasks      : The time is now Tue May 12 15:15:13 PDT 2020
2020-05-12 15:15:18.017  INFO 29348 --- [scheduling-1] life.usc.study.schedule.HotTagTasks      : The time is now Tue May 12 15:15:18 PDT 2020
2020-05-12 15:15:23.018  INFO 29348 --- [scheduling-1] life.usc.study.schedule.HotTagTasks      : The time is now Tue May 12 15:15:23 PDT 2020
2020-05-12 15:15:28.018  INFO 29348 --- [scheduling-1] life.usc.study.schedule.HotTagTasks      : The time is now Tue May 12 15:15:28 PDT 2020
2020-05-12 15:15:33.017  INFO 29348 --- [scheduling-1] life.usc.study.schedule.HotTagTasks      : The time is now Tue May 12 15:15:33 PDT 2020
2020-05-12 15:15:38.018  INFO 29348 --- [scheduling-1] life.usc.study.schedule.HotTagTasks      : The time is now Tue May 12 15:15:38 PDT 2020
2020-05-12 15:15:43.017  INFO 29348 --- [scheduling-1] life.usc.study.schedule.HotTagTasks      : The time is now Tue May 12 15:15:43 PDT 2020
2020-05-12 15:15:48.017  INFO 29348 --- [scheduling-1] life.usc.study.schedule.HotTagTasks      : The time is now Tue May 12 15:15:48 PDT 2020
2020-05-12 15:15:53.017  INFO 29348 --- [scheduling-1] life.usc.study.schedule.HotTagTasks      : The time is now Tue May 12 15:15:53 PDT 2020
2020-05-12 15:15:58.017  INFO 29348 --- [scheduling-1] life.usc.study.schedule.HotTagTasks      : The time is now Tue May 12 15:15:58 PDT 2020
2020-05-12 15:16:03.018  INFO 29348 --- [scheduling-1] life.usc.study.schedule.HotTagTasks      : The time is now Tue May 12 15:16:03 PDT 2020
2020-05-12 15:16:08.018  INFO 29348 --- [scheduling-1] life.usc.study.schedule.HotTagTasks      : The time is now Tue May 12 15:16:08 PDT 2020
2020-05-12 15:16:13.018  INFO 29348 --- [scheduling-1] life.usc.study.schedule.HotTagTasks      : The time is now Tue May 12 15:16:13 PDT 2020
2020-05-12 15:16:18.018  INFO 29348 --- [scheduling-1] life.usc.study.schedule.HotTagTasks      : The time is now Tue May 12 15:16:18 PDT 2020
2020-05-12 15:16:23.017  INFO 29348 --- [scheduling-1] life.usc.study.schedule.HotTagTasks      : The time is now Tue May 12 15:16:23 PDT 2020
2020-05-12 15:16:28.018  INFO 29348 --- [scheduling-1] life.usc.study.schedule.HotTagTasks      : The time is now Tue May 12 15:16:28 PDT 2020
2020-05-12 15:16:33.018  INFO 29348 --- [scheduling-1] life.usc.study.schedule.HotTagTasks      : The time is now Tue May 12 15:16:33 PDT 2020
2020-05-12 15:16:38.018  INFO 29348 --- [scheduling-1] life.usc.study.schedule.HotTagTasks      : The time is now Tue May 12 15:16:38 PDT 2020
2020-05-12 15:16:43.018  INFO 29348 --- [scheduling-1] life.usc.study.schedule.HotTagTasks      : The time is now Tue May 12 15:16:43 PDT 2020
2020-05-12 15:16:48.017  INFO 29348 --- [scheduling-1] life.usc.study.schedule.HotTagTasks      : The time is now Tue May 12 15:16:48 PDT 2020
2020-05-12 15:16:53.017  INFO 29348 --- [scheduling-1] life.usc.study.schedule.HotTagTasks      : The time is now Tue May 12 15:16:53 PDT 2020
2020-05-12 15:16:58.017  INFO 29348 --- [scheduling-1] life.usc.study.schedule.HotTagTasks      : The time is now Tue May 12 15:16:58 PDT 2020
2020-05-12 15:17:03.018  INFO 29348 --- [scheduling-1] life.usc.study.schedule.HotTagTasks      : The time is now Tue May 12 15:17:03 PDT 2020
2020-05-12 15:17:08.017  INFO 29348 --- [scheduling-1] life.usc.study.schedule.HotTagTasks      : The time is now Tue May 12 15:17:08 PDT 2020
2020-05-12 15:17:13.018  INFO 29348 --- [scheduling-1] life.usc.study.schedule.HotTagTasks      : The time is now Tue May 12 15:17:13 PDT 2020
2020-05-12 15:17:18.017  INFO 29348 --- [scheduling-1] life.usc.study.schedule.HotTagTasks      : The time is now Tue May 12 15:17:18 PDT 2020
2020-05-12 15:17:23.016  INFO 29348 --- [scheduling-1] life.usc.study.schedule.HotTagTasks      : The time is now Tue May 12 15:17:23 PDT 2020
2020-05-12 15:17:28.018  INFO 29348 --- [scheduling-1] life.usc.study.schedule.HotTagTasks      : The time is now Tue May 12 15:17:28 PDT 2020
2020-05-12 15:17:33.018  INFO 29348 --- [scheduling-1] life.usc.study.schedule.HotTagTasks      : The time is now Tue May 12 15:17:33 PDT 2020
2020-05-12 15:17:38.018  INFO 29348 --- [scheduling-1] life.usc.study.schedule.HotTagTasks      : The time is now Tue May 12 15:17:38 PDT 2020
2020-05-12 15:17:43.018  INFO 29348 --- [scheduling-1] life.usc.study.schedule.HotTagTasks      : The time is now Tue May 12 15:17:43 PDT 2020
2020-05-12 15:17:48.018  INFO 29348 --- [scheduling-1] life.usc.study.schedule.HotTagTasks      : The time is now Tue May 12 15:17:48 PDT 2020
2020-05-12 15:17:53.017  INFO 29348 --- [scheduling-1] life.usc.study.schedule.HotTagTasks      : The time is now Tue May 12 15:17:53 PDT 2020
2020-05-12 15:17:58.018  INFO 29348 --- [scheduling-1] life.usc.study.schedule.HotTagTasks      : The time is now Tue May 12 15:17:58 PDT 2020
2020-05-12 15:18:03.018  INFO 29348 --- [scheduling-1] life.usc.study.schedule.HotTagTasks      : The time is now Tue May 12 15:18:03 PDT 2020
2020-05-12 15:18:08.017  INFO 29348 --- [scheduling-1] life.usc.study.schedule.HotTagTasks      : The time is now Tue May 12 15:18:08 PDT 2020
2020-05-12 15:18:13.017  INFO 29348 --- [scheduling-1] life.usc.study.schedule.HotTagTasks      : The time is now Tue May 12 15:18:13 PDT 2020
2020-05-12 15:18:18.017  INFO 29348 --- [scheduling-1] life.usc.study.schedule.HotTagTasks      : The time is now Tue May 12 15:18:18 PDT 2020
2020-05-12 15:18:23.017  INFO 29348 --- [scheduling-1] life.usc.study.schedule.HotTagTasks      : The time is now Tue May 12 15:18:23 PDT 2020
2020-05-12 15:18:28.017  INFO 29348 --- [scheduling-1] life.usc.study.schedule.HotTagTasks      : The time is now Tue May 12 15:18:28 PDT 2020
2020-05-12 15:18:33.017  INFO 29348 --- [scheduling-1] life.usc.study.schedule.HotTagTasks      : The time is now Tue May 12 15:18:33 PDT 2020
2020-05-12 15:18:38.017  INFO 29348 --- [scheduling-1] life.usc.study.schedule.HotTagTasks      : The time is now Tue May 12 15:18:38 PDT 2020
2020-05-12 15:18:43.018  INFO 29348 --- [scheduling-1] life.usc.study.schedule.HotTagTasks      : The time is now Tue May 12 15:18:43 PDT 2020
2020-05-12 15:18:48.017  INFO 29348 --- [scheduling-1] life.usc.study.schedule.HotTagTasks      : The time is now Tue May 12 15:18:48 PDT 2020
2020-05-12 15:18:53.017  INFO 29348 --- [scheduling-1] life.usc.study.schedule.HotTagTasks      : The time is now Tue May 12 15:18:53 PDT 2020
2020-05-12 15:18:58.017  INFO 29348 --- [scheduling-1] life.usc.study.schedule.HotTagTasks      : The time is now Tue May 12 15:18:58 PDT 2020
2020-05-12 15:19:03.017  INFO 29348 --- [scheduling-1] life.usc.study.schedule.HotTagTasks      : The time is now Tue May 12 15:19:03 PDT 2020
2020-05-12 15:19:08.018  INFO 29348 --- [scheduling-1] life.usc.study.schedule.HotTagTasks      : The time is now Tue May 12 15:19:08 PDT 2020
2020-05-12 15:19:13.018  INFO 29348 --- [scheduling-1] life.usc.study.schedule.HotTagTasks      : The time is now Tue May 12 15:19:13 PDT 2020
2020-05-12 15:19:18.017  INFO 29348 --- [scheduling-1] life.usc.study.schedule.HotTagTasks      : The time is now Tue May 12 15:19:18 PDT 2020
2020-05-12 15:19:23.018  INFO 29348 --- [scheduling-1] life.usc.study.schedule.HotTagTasks      : The time is now Tue May 12 15:19:23 PDT 2020
2020-05-12 15:19:28.018  INFO 29348 --- [scheduling-1] life.usc.study.schedule.HotTagTasks      : The time is now Tue May 12 15:19:28 PDT 2020
2020-05-12 15:19:33.017  INFO 29348 --- [scheduling-1] life.usc.study.schedule.HotTagTasks      : The time is now Tue May 12 15:19:33 PDT 2020
2020-05-12 15:19:38.017  INFO 29348 --- [scheduling-1] life.usc.study.schedule.HotTagTasks      : The time is now Tue May 12 15:19:38 PDT 2020
2020-05-12 15:19:43.017  INFO 29348 --- [scheduling-1] life.usc.study.schedule.HotTagTasks      : The time is now Tue May 12 15:19:43 PDT 2020
2020-05-12 15:19:48.018  INFO 29348 --- [scheduling-1] life.usc.study.schedule.HotTagTasks      : The time is now Tue May 12 15:19:48 PDT 2020
2020-05-12 15:19:53.017  INFO 29348 --- [scheduling-1] life.usc.study.schedule.HotTagTasks      : The time is now Tue May 12 15:19:53 PDT 2020
2020-05-12 15:19:58.018  INFO 29348 --- [scheduling-1] life.usc.study.schedule.HotTagTasks      : The time is now Tue May 12 15:19:58 PDT 2020
2020-05-12 15:20:03.018  INFO 29348 --- [scheduling-1] life.usc.study.schedule.HotTagTasks      : The time is now Tue May 12 15:20:03 PDT 2020
2020-05-12 15:20:08.018  INFO 29348 --- [scheduling-1] life.usc.study.schedule.HotTagTasks      : The time is now Tue May 12 15:20:08 PDT 2020
2020-05-12 15:20:13.018  INFO 29348 --- [scheduling-1] life.usc.study.schedule.HotTagTasks      : The time is now Tue May 12 15:20:13 PDT 2020
2020-05-12 15:20:18.017  INFO 29348 --- [scheduling-1] life.usc.study.schedule.HotTagTasks      : The time is now Tue May 12 15:20:18 PDT 2020
2020-05-12 15:20:23.018  INFO 29348 --- [scheduling-1] life.usc.study.schedule.HotTagTasks      : The time is now Tue May 12 15:20:23 PDT 2020
2020-05-12 15:20:28.017  INFO 29348 --- [scheduling-1] life.usc.study.schedule.HotTagTasks      : The time is now Tue May 12 15:20:28 PDT 2020
2020-05-12 15:20:33.018  INFO 29348 --- [scheduling-1] life.usc.study.schedule.HotTagTasks      : The time is now Tue May 12 15:20:33 PDT 2020
2020-05-12 15:20:38.018  INFO 29348 --- [scheduling-1] life.usc.study.schedule.HotTagTasks      : The time is now Tue May 12 15:20:38 PDT 2020
2020-05-12 15:20:43.017  INFO 29348 --- [scheduling-1] life.usc.study.schedule.HotTagTasks      : The time is now Tue May 12 15:20:43 PDT 2020
2020-05-12 15:20:48.017  INFO 29348 --- [scheduling-1] life.usc.study.schedule.HotTagTasks      : The time is now Tue May 12 15:20:48 PDT 2020
2020-05-12 15:20:53.018  INFO 29348 --- [scheduling-1] life.usc.study.schedule.HotTagTasks      : The time is now Tue May 12 15:20:53 PDT 2020
2020-05-12 15:20:58.017  INFO 29348 --- [scheduling-1] life.usc.study.schedule.HotTagTasks      : The time is now Tue May 12 15:20:58 PDT 2020
2020-05-12 15:21:03.016  INFO 29348 --- [scheduling-1] life.usc.study.schedule.HotTagTasks      : The time is now Tue May 12 15:21:03 PDT 2020
2020-05-12 15:21:08.017  INFO 29348 --- [scheduling-1] life.usc.study.schedule.HotTagTasks      : The time is now Tue May 12 15:21:08 PDT 2020
2020-05-12 15:21:13.018  INFO 29348 --- [scheduling-1] life.usc.study.schedule.HotTagTasks      : The time is now Tue May 12 15:21:13 PDT 2020
2020-05-12 15:21:18.018  INFO 29348 --- [scheduling-1] life.usc.study.schedule.HotTagTasks      : The time is now Tue May 12 15:21:18 PDT 2020
2020-05-12 15:21:23.017  INFO 29348 --- [scheduling-1] life.usc.study.schedule.HotTagTasks      : The time is now Tue May 12 15:21:23 PDT 2020
2020-05-12 15:21:28.017  INFO 29348 --- [scheduling-1] life.usc.study.schedule.HotTagTasks      : The time is now Tue May 12 15:21:28 PDT 2020
2020-05-12 15:21:33.018  INFO 29348 --- [scheduling-1] life.usc.study.schedule.HotTagTasks      : The time is now Tue May 12 15:21:33 PDT 2020
2020-05-12 15:21:38.018  INFO 29348 --- [scheduling-1] life.usc.study.schedule.HotTagTasks      : The time is now Tue May 12 15:21:38 PDT 2020
2020-05-12 15:21:43.017  INFO 29348 --- [scheduling-1] life.usc.study.schedule.HotTagTasks      : The time is now Tue May 12 15:21:43 PDT 2020
2020-05-12 15:21:48.017  INFO 29348 --- [scheduling-1] life.usc.study.schedule.HotTagTasks      : The time is now Tue May 12 15:21:48 PDT 2020
2020-05-12 15:21:53.016  INFO 29348 --- [scheduling-1] life.usc.study.schedule.HotTagTasks      : The time is now Tue May 12 15:21:53 PDT 2020
2020-05-12 15:21:58.018  INFO 29348 --- [scheduling-1] life.usc.study.schedule.HotTagTasks      : The time is now Tue May 12 15:21:58 PDT 2020
2020-05-12 15:22:03.018  INFO 29348 --- [scheduling-1] life.usc.study.schedule.HotTagTasks      : The time is now Tue May 12 15:22:03 PDT 2020
2020-05-12 15:22:08.018  INFO 29348 --- [scheduling-1] life.usc.study.schedule.HotTagTasks      : The time is now Tue May 12 15:22:08 PDT 2020
2020-05-12 15:22:13.017  INFO 29348 --- [scheduling-1] life.usc.study.schedule.HotTagTasks      : The time is now Tue May 12 15:22:13 PDT 2020
2020-05-12 15:22:18.018  INFO 29348 --- [scheduling-1] life.usc.study.schedule.HotTagTasks      : The time is now Tue May 12 15:22:18 PDT 2020
2020-05-12 15:22:23.017  INFO 29348 --- [scheduling-1] life.usc.study.schedule.HotTagTasks      : The time is now Tue May 12 15:22:23 PDT 2020
2020-05-12 15:22:28.018  INFO 29348 --- [scheduling-1] life.usc.study.schedule.HotTagTasks      : The time is now Tue May 12 15:22:28 PDT 2020
2020-05-12 15:22:33.017  INFO 29348 --- [scheduling-1] life.usc.study.schedule.HotTagTasks      : The time is now Tue May 12 15:22:33 PDT 2020
2020-05-12 15:22:38.018  INFO 29348 --- [scheduling-1] life.usc.study.schedule.HotTagTasks      : The time is now Tue May 12 15:22:38 PDT 2020
2020-05-12 15:22:43.017  INFO 29348 --- [scheduling-1] life.usc.study.schedule.HotTagTasks      : The time is now Tue May 12 15:22:43 PDT 2020
2020-05-12 15:22:48.017  INFO 29348 --- [scheduling-1] life.usc.study.schedule.HotTagTasks      : The time is now Tue May 12 15:22:48 PDT 2020
2020-05-12 15:22:53.017  INFO 29348 --- [scheduling-1] life.usc.study.schedule.HotTagTasks      : The time is now Tue May 12 15:22:53 PDT 2020
2020-05-12 15:22:58.018  INFO 29348 --- [scheduling-1] life.usc.study.schedule.HotTagTasks      : The time is now Tue May 12 15:22:58 PDT 2020
2020-05-12 15:23:03.018  INFO 29348 --- [scheduling-1] life.usc.study.schedule.HotTagTasks      : The time is now Tue May 12 15:23:03 PDT 2020
2020-05-12 15:23:08.018  INFO 29348 --- [scheduling-1] life.usc.study.schedule.HotTagTasks      : The time is now Tue May 12 15:23:08 PDT 2020
2020-05-12 15:23:13.017  INFO 29348 --- [scheduling-1] life.usc.study.schedule.HotTagTasks      : The time is now Tue May 12 15:23:13 PDT 2020
2020-05-12 15:23:18.017  INFO 29348 --- [scheduling-1] life.usc.study.schedule.HotTagTasks      : The time is now Tue May 12 15:23:18 PDT 2020
2020-05-12 15:23:23.018  INFO 29348 --- [scheduling-1] life.usc.study.schedule.HotTagTasks      : The time is now Tue May 12 15:23:23 PDT 2020
2020-05-12 15:23:28.017  INFO 29348 --- [scheduling-1] life.usc.study.schedule.HotTagTasks      : The time is now Tue May 12 15:23:28 PDT 2020
2020-05-12 15:23:33.018  INFO 29348 --- [scheduling-1] life.usc.study.schedule.HotTagTasks      : The time is now Tue May 12 15:23:33 PDT 2020
2020-05-12 15:23:38.018  INFO 29348 --- [scheduling-1] life.usc.study.schedule.HotTagTasks      : The time is now Tue May 12 15:23:38 PDT 2020
2020-05-12 15:23:43.017  INFO 29348 --- [scheduling-1] life.usc.study.schedule.HotTagTasks      : The time is now Tue May 12 15:23:43 PDT 2020
2020-05-12 15:23:48.017  INFO 29348 --- [scheduling-1] life.usc.study.schedule.HotTagTasks      : The time is now Tue May 12 15:23:48 PDT 2020
2020-05-12 15:23:53.018  INFO 29348 --- [scheduling-1] life.usc.study.schedule.HotTagTasks      : The time is now Tue May 12 15:23:53 PDT 2020
2020-05-12 15:23:58.018  INFO 29348 --- [scheduling-1] life.usc.study.schedule.HotTagTasks      : The time is now Tue May 12 15:23:58 PDT 2020
2020-05-12 15:24:03.018  INFO 29348 --- [scheduling-1] life.usc.study.schedule.HotTagTasks      : The time is now Tue May 12 15:24:03 PDT 2020
2020-05-12 15:24:08.017  INFO 29348 --- [scheduling-1] life.usc.study.schedule.HotTagTasks      : The time is now Tue May 12 15:24:08 PDT 2020
2020-05-12 15:24:13.017  INFO 29348 --- [scheduling-1] life.usc.study.schedule.HotTagTasks      : The time is now Tue May 12 15:24:13 PDT 2020
2020-05-12 15:24:18.017  INFO 29348 --- [scheduling-1] life.usc.study.schedule.HotTagTasks      : The time is now Tue May 12 15:24:18 PDT 2020
2020-05-12 15:24:23.017  INFO 29348 --- [scheduling-1] life.usc.study.schedule.HotTagTasks      : The time is now Tue May 12 15:24:23 PDT 2020
2020-05-12 15:24:28.018  INFO 29348 --- [scheduling-1] life.usc.study.schedule.HotTagTasks      : The time is now Tue May 12 15:24:28 PDT 2020
2020-05-12 15:24:33.017  INFO 29348 --- [scheduling-1] life.usc.study.schedule.HotTagTasks      : The time is now Tue May 12 15:24:33 PDT 2020
2020-05-12 15:24:38.018  INFO 29348 --- [scheduling-1] life.usc.study.schedule.HotTagTasks      : The time is now Tue May 12 15:24:38 PDT 2020
2020-05-12 15:24:43.018  INFO 29348 --- [scheduling-1] life.usc.study.schedule.HotTagTasks      : The time is now Tue May 12 15:24:43 PDT 2020
2020-05-12 15:24:48.018  INFO 29348 --- [scheduling-1] life.usc.study.schedule.HotTagTasks      : The time is now Tue May 12 15:24:48 PDT 2020
2020-05-12 15:24:53.018  INFO 29348 --- [scheduling-1] life.usc.study.schedule.HotTagTasks      : The time is now Tue May 12 15:24:53 PDT 2020
2020-05-12 15:24:58.018  INFO 29348 --- [scheduling-1] life.usc.study.schedule.HotTagTasks      : The time is now Tue May 12 15:24:58 PDT 2020
2020-05-12 15:25:03.017  INFO 29348 --- [scheduling-1] life.usc.study.schedule.HotTagTasks      : The time is now Tue May 12 15:25:03 PDT 2020
2020-05-12 15:25:08.018  INFO 29348 --- [scheduling-1] life.usc.study.schedule.HotTagTasks      : The time is now Tue May 12 15:25:08 PDT 2020
2020-05-12 15:25:13.018  INFO 29348 --- [scheduling-1] life.usc.study.schedule.HotTagTasks      : The time is now Tue May 12 15:25:13 PDT 2020
2020-05-12 15:25:18.018  INFO 29348 --- [scheduling-1] life.usc.study.schedule.HotTagTasks      : The time is now Tue May 12 15:25:18 PDT 2020
2020-05-12 15:25:23.018  INFO 29348 --- [scheduling-1] life.usc.study.schedule.HotTagTasks      : The time is now Tue May 12 15:25:23 PDT 2020
2020-05-12 15:25:28.017  INFO 29348 --- [scheduling-1] life.usc.study.schedule.HotTagTasks      : The time is now Tue May 12 15:25:28 PDT 2020
2020-05-12 15:25:33.018  INFO 29348 --- [scheduling-1] life.usc.study.schedule.HotTagTasks      : The time is now Tue May 12 15:25:33 PDT 2020
2020-05-12 15:25:38.018  INFO 29348 --- [scheduling-1] life.usc.study.schedule.HotTagTasks      : The time is now Tue May 12 15:25:38 PDT 2020
2020-05-12 15:25:43.018  INFO 29348 --- [scheduling-1] life.usc.study.schedule.HotTagTasks      : The time is now Tue May 12 15:25:43 PDT 2020
2020-05-12 15:25:48.017  INFO 29348 --- [scheduling-1] life.usc.study.schedule.HotTagTasks      : The time is now Tue May 12 15:25:48 PDT 2020
2020-05-12 15:25:53.017  INFO 29348 --- [scheduling-1] life.usc.study.schedule.HotTagTasks      : The time is now Tue May 12 15:25:53 PDT 2020
2020-05-12 15:25:58.018  INFO 29348 --- [scheduling-1] life.usc.study.schedule.HotTagTasks      : The time is now Tue May 12 15:25:58 PDT 2020
2020-05-12 15:26:03.017  INFO 29348 --- [scheduling-1] life.usc.study.schedule.HotTagTasks      : The time is now Tue May 12 15:26:03 PDT 2020
2020-05-12 15:26:08.017  INFO 29348 --- [scheduling-1] life.usc.study.schedule.HotTagTasks      : The time is now Tue May 12 15:26:08 PDT 2020
2020-05-12 15:26:13.017  INFO 29348 --- [scheduling-1] life.usc.study.schedule.HotTagTasks      : The time is now Tue May 12 15:26:13 PDT 2020
2020-05-12 15:26:18.017  INFO 29348 --- [scheduling-1] life.usc.study.schedule.HotTagTasks      : The time is now Tue May 12 15:26:18 PDT 2020
2020-05-12 15:26:23.017  INFO 29348 --- [scheduling-1] life.usc.study.schedule.HotTagTasks      : The time is now Tue May 12 15:26:23 PDT 2020
2020-05-12 15:26:28.017  INFO 29348 --- [scheduling-1] life.usc.study.schedule.HotTagTasks      : The time is now Tue May 12 15:26:28 PDT 2020
2020-05-12 15:26:33.018  INFO 29348 --- [scheduling-1] life.usc.study.schedule.HotTagTasks      : The time is now Tue May 12 15:26:33 PDT 2020
2020-05-12 15:26:38.018  INFO 29348 --- [scheduling-1] life.usc.study.schedule.HotTagTasks      : The time is now Tue May 12 15:26:38 PDT 2020
2020-05-12 15:26:43.018  INFO 29348 --- [scheduling-1] life.usc.study.schedule.HotTagTasks      : The time is now Tue May 12 15:26:43 PDT 2020
2020-05-12 15:26:48.018  INFO 29348 --- [scheduling-1] life.usc.study.schedule.HotTagTasks      : The time is now Tue May 12 15:26:48 PDT 2020
2020-05-12 15:26:53.017  INFO 29348 --- [scheduling-1] life.usc.study.schedule.HotTagTasks      : The time is now Tue May 12 15:26:53 PDT 2020
2020-05-12 15:26:58.017  INFO 29348 --- [scheduling-1] life.usc.study.schedule.HotTagTasks      : The time is now Tue May 12 15:26:58 PDT 2020
2020-05-12 15:27:03.016  INFO 29348 --- [scheduling-1] life.usc.study.schedule.HotTagTasks      : The time is now Tue May 12 15:27:03 PDT 2020
2020-05-12 15:27:08.018  INFO 29348 --- [scheduling-1] life.usc.study.schedule.HotTagTasks      : The time is now Tue May 12 15:27:08 PDT 2020
2020-05-12 15:27:13.018  INFO 29348 --- [scheduling-1] life.usc.study.schedule.HotTagTasks      : The time is now Tue May 12 15:27:13 PDT 2020
2020-05-12 15:27:18.017  INFO 29348 --- [scheduling-1] life.usc.study.schedule.HotTagTasks      : The time is now Tue May 12 15:27:18 PDT 2020
2020-05-12 15:27:23.016  INFO 29348 --- [scheduling-1] life.usc.study.schedule.HotTagTasks      : The time is now Tue May 12 15:27:23 PDT 2020
2020-05-12 15:27:28.018  INFO 29348 --- [scheduling-1] life.usc.study.schedule.HotTagTasks      : The time is now Tue May 12 15:27:28 PDT 2020
2020-05-12 15:27:33.017  INFO 29348 --- [scheduling-1] life.usc.study.schedule.HotTagTasks      : The time is now Tue May 12 15:27:33 PDT 2020
2020-05-12 15:27:38.016  INFO 29348 --- [scheduling-1] life.usc.study.schedule.HotTagTasks      : The time is now Tue May 12 15:27:38 PDT 2020
2020-05-12 15:27:43.018  INFO 29348 --- [scheduling-1] life.usc.study.schedule.HotTagTasks      : The time is now Tue May 12 15:27:43 PDT 2020
2020-05-12 15:27:48.017  INFO 29348 --- [scheduling-1] life.usc.study.schedule.HotTagTasks      : The time is now Tue May 12 15:27:48 PDT 2020
2020-05-12 15:27:53.018  INFO 29348 --- [scheduling-1] life.usc.study.schedule.HotTagTasks      : The time is now Tue May 12 15:27:53 PDT 2020
2020-05-12 15:27:58.017  INFO 29348 --- [scheduling-1] life.usc.study.schedule.HotTagTasks      : The time is now Tue May 12 15:27:58 PDT 2020
2020-05-12 15:28:03.018  INFO 29348 --- [scheduling-1] life.usc.study.schedule.HotTagTasks      : The time is now Tue May 12 15:28:03 PDT 2020
2020-05-12 15:28:08.017  INFO 29348 --- [scheduling-1] life.usc.study.schedule.HotTagTasks      : The time is now Tue May 12 15:28:08 PDT 2020
2020-05-12 15:28:13.018  INFO 29348 --- [scheduling-1] life.usc.study.schedule.HotTagTasks      : The time is now Tue May 12 15:28:13 PDT 2020
2020-05-12 15:28:18.017  INFO 29348 --- [scheduling-1] life.usc.study.schedule.HotTagTasks      : The time is now Tue May 12 15:28:18 PDT 2020
2020-05-12 15:28:23.017  INFO 29348 --- [scheduling-1] life.usc.study.schedule.HotTagTasks      : The time is now Tue May 12 15:28:23 PDT 2020
2020-05-12 15:28:28.018  INFO 29348 --- [scheduling-1] life.usc.study.schedule.HotTagTasks      : The time is now Tue May 12 15:28:28 PDT 2020
2020-05-12 15:28:42.008  INFO 6932 --- [main] life.usc.study.StudyApplication          : Starting StudyApplication on DESKTOP-SO9EI3Q with PID 6932 (C:\WJJ\java\IDEAIU-workspace\study\target\classes started by WANG in C:\WJJ\java\IDEAIU-workspace\study)
2020-05-12 15:28:42.011  INFO 6932 --- [main] life.usc.study.StudyApplication          : No active profile set, falling back to default profiles: default
2020-05-12 15:28:43.384  INFO 6932 --- [main] o.s.b.w.embedded.tomcat.TomcatWebServer  : Tomcat initialized with port(s): 8080 (http)
2020-05-12 15:28:43.392  INFO 6932 --- [main] o.apache.catalina.core.StandardService   : Starting service [Tomcat]
2020-05-12 15:28:43.392  INFO 6932 --- [main] org.apache.catalina.core.StandardEngine  : Starting Servlet engine: [Apache Tomcat/9.0.33]
2020-05-12 15:28:43.478  INFO 6932 --- [main] o.a.c.c.C.[Tomcat].[localhost].[/]       : Initializing Spring embedded WebApplicationContext
2020-05-12 15:28:43.479  INFO 6932 --- [main] o.s.web.context.ContextLoader            : Root WebApplicationContext: initialization completed in 1402 ms
2020-05-12 15:28:44.038  INFO 6932 --- [main] o.s.s.concurrent.ThreadPoolTaskExecutor  : Initializing ExecutorService 'applicationTaskExecutor'
2020-05-12 15:28:44.100  INFO 6932 --- [main] o.s.b.a.w.s.WelcomePageHandlerMapping    : Adding welcome page template: index
2020-05-12 15:28:44.300  INFO 6932 --- [main] o.s.s.c.ThreadPoolTaskScheduler          : Initializing ExecutorService 'taskScheduler'
2020-05-12 15:28:44.337  INFO 6932 --- [scheduling-1] life.usc.study.schedule.HotTagTasks      : The time is now Tue May 12 15:28:44 PDT 2020
2020-05-12 15:28:44.360  INFO 6932 --- [main] o.s.b.w.embedded.tomcat.TomcatWebServer  : Tomcat started on port(s): 8080 (http) with context path ''
2020-05-12 15:28:44.363  INFO 6932 --- [main] life.usc.study.StudyApplication          : Started StudyApplication in 2.798 seconds (JVM running for 4.96)
2020-05-12 15:28:49.339  INFO 6932 --- [scheduling-1] life.usc.study.schedule.HotTagTasks      : The time is now Tue May 12 15:28:49 PDT 2020
2020-05-12 15:37:50.218  INFO 10780 --- [main] life.usc.study.StudyApplication          : Starting StudyApplication on DESKTOP-SO9EI3Q with PID 10780 (C:\WJJ\java\IDEAIU-workspace\study\target\classes started by WANG in C:\WJJ\java\IDEAIU-workspace\study)
2020-05-12 15:37:50.222  INFO 10780 --- [main] life.usc.study.StudyApplication          : No active profile set, falling back to default profiles: default
2020-05-12 15:37:51.454  INFO 10780 --- [main] o.s.b.w.embedded.tomcat.TomcatWebServer  : Tomcat initialized with port(s): 8080 (http)
2020-05-12 15:37:51.463  INFO 10780 --- [main] o.apache.catalina.core.StandardService   : Starting service [Tomcat]
2020-05-12 15:37:51.470  INFO 10780 --- [main] org.apache.catalina.core.StandardEngine  : Starting Servlet engine: [Apache Tomcat/9.0.33]
2020-05-12 15:37:51.567  INFO 10780 --- [main] o.a.c.c.C.[Tomcat].[localhost].[/]       : Initializing Spring embedded WebApplicationContext
2020-05-12 15:37:51.567  INFO 10780 --- [main] o.s.web.context.ContextLoader            : Root WebApplicationContext: initialization completed in 1283 ms
2020-05-12 15:37:52.125  INFO 10780 --- [main] o.s.s.concurrent.ThreadPoolTaskExecutor  : Initializing ExecutorService 'applicationTaskExecutor'
2020-05-12 15:37:52.186  INFO 10780 --- [main] o.s.b.a.w.s.WelcomePageHandlerMapping    : Adding welcome page template: index
2020-05-12 15:37:52.426  INFO 10780 --- [main] o.s.s.c.ThreadPoolTaskScheduler          : Initializing ExecutorService 'taskScheduler'
2020-05-12 15:37:52.464  INFO 10780 --- [scheduling-1] life.usc.study.schedule.HotTagTasks      : hotTagSchedule start Tue May 12 15:37:52 PDT 2020
2020-05-12 15:37:52.488  INFO 10780 --- [main] o.s.b.w.embedded.tomcat.TomcatWebServer  : Tomcat started on port(s): 8080 (http) with context path ''
2020-05-12 15:37:52.490  INFO 10780 --- [main] life.usc.study.StudyApplication          : Started StudyApplication in 2.721 seconds (JVM running for 4.935)
2020-05-12 15:37:52.500  INFO 10780 --- [scheduling-1] com.zaxxer.hikari.HikariDataSource       : HikariPool-1 - Starting...
2020-05-12 15:37:52.647  INFO 10780 --- [scheduling-1] com.zaxxer.hikari.HikariDataSource       : HikariPool-1 - Start completed.
2020-05-12 15:37:52.678  INFO 10780 --- [scheduling-1] life.usc.study.schedule.HotTagTasks      : list question: 1
2020-05-12 15:37:52.679  INFO 10780 --- [scheduling-1] life.usc.study.schedule.HotTagTasks      : list question: 2
2020-05-12 15:37:52.679  INFO 10780 --- [scheduling-1] life.usc.study.schedule.HotTagTasks      : list question: 3
2020-05-12 15:37:52.679  INFO 10780 --- [scheduling-1] life.usc.study.schedule.HotTagTasks      : list question: 4
2020-05-12 15:37:52.679  INFO 10780 --- [scheduling-1] life.usc.study.schedule.HotTagTasks      : list question: 5
2020-05-12 15:37:52.681  INFO 10780 --- [scheduling-1] life.usc.study.schedule.HotTagTasks      : list question: 6
2020-05-12 15:37:52.681  INFO 10780 --- [scheduling-1] life.usc.study.schedule.HotTagTasks      : list question: 7
2020-05-12 15:37:52.681  INFO 10780 --- [scheduling-1] life.usc.study.schedule.HotTagTasks      : list question: 8
2020-05-12 15:37:52.681  INFO 10780 --- [scheduling-1] life.usc.study.schedule.HotTagTasks      : list question: 33
2020-05-12 15:37:52.681  INFO 10780 --- [scheduling-1] life.usc.study.schedule.HotTagTasks      : list question: 65
2020-05-12 15:37:52.684  INFO 10780 --- [scheduling-1] life.usc.study.schedule.HotTagTasks      : list question: 66
2020-05-12 15:37:52.684  INFO 10780 --- [scheduling-1] life.usc.study.schedule.HotTagTasks      : list question: 97
2020-05-12 15:37:52.684  INFO 10780 --- [scheduling-1] life.usc.study.schedule.HotTagTasks      : list question: 129
2020-05-12 15:37:52.684  INFO 10780 --- [scheduling-1] life.usc.study.schedule.HotTagTasks      : list question: 161
2020-05-12 15:37:52.684  INFO 10780 --- [scheduling-1] life.usc.study.schedule.HotTagTasks      : list question: 193
2020-05-12 15:37:52.687  INFO 10780 --- [scheduling-1] life.usc.study.schedule.HotTagTasks      : list question: 225
2020-05-12 15:37:52.687  INFO 10780 --- [scheduling-1] life.usc.study.schedule.HotTagTasks      : list question: 257
2020-05-12 15:37:52.687  INFO 10780 --- [scheduling-1] life.usc.study.schedule.HotTagTasks      : list question: 289
2020-05-12 15:37:52.687  INFO 10780 --- [scheduling-1] life.usc.study.schedule.HotTagTasks      : list question: 290
2020-05-12 15:37:52.687  INFO 10780 --- [scheduling-1] life.usc.study.schedule.HotTagTasks      : list question: 321
2020-05-12 15:37:52.688  INFO 10780 --- [scheduling-1] life.usc.study.schedule.HotTagTasks      : hotTagSchedule stop Tue May 12 15:37:52 PDT 2020
2020-05-12 15:37:57.467  INFO 10780 --- [scheduling-1] life.usc.study.schedule.HotTagTasks      : hotTagSchedule start Tue May 12 15:37:57 PDT 2020
2020-05-12 15:37:57.469  INFO 10780 --- [scheduling-1] life.usc.study.schedule.HotTagTasks      : list question: 1
2020-05-12 15:37:57.469  INFO 10780 --- [scheduling-1] life.usc.study.schedule.HotTagTasks      : list question: 2
2020-05-12 15:37:57.469  INFO 10780 --- [scheduling-1] life.usc.study.schedule.HotTagTasks      : list question: 3
2020-05-12 15:37:57.470  INFO 10780 --- [scheduling-1] life.usc.study.schedule.HotTagTasks      : list question: 4
2020-05-12 15:37:57.470  INFO 10780 --- [scheduling-1] life.usc.study.schedule.HotTagTasks      : list question: 5
2020-05-12 15:37:57.470  INFO 10780 --- [scheduling-1] life.usc.study.schedule.HotTagTasks      : list question: 6
2020-05-12 15:37:57.470  INFO 10780 --- [scheduling-1] life.usc.study.schedule.HotTagTasks      : list question: 7
2020-05-12 15:37:57.470  INFO 10780 --- [scheduling-1] life.usc.study.schedule.HotTagTasks      : list question: 8
2020-05-12 15:37:57.471  INFO 10780 --- [scheduling-1] life.usc.study.schedule.HotTagTasks      : list question: 33
2020-05-12 15:37:57.471  INFO 10780 --- [scheduling-1] life.usc.study.schedule.HotTagTasks      : list question: 65
2020-05-12 15:37:57.471  INFO 10780 --- [scheduling-1] life.usc.study.schedule.HotTagTasks      : list question: 66
2020-05-12 15:37:57.471  INFO 10780 --- [scheduling-1] life.usc.study.schedule.HotTagTasks      : list question: 97
2020-05-12 15:37:57.471  INFO 10780 --- [scheduling-1] life.usc.study.schedule.HotTagTasks      : list question: 129
2020-05-12 15:37:57.472  INFO 10780 --- [scheduling-1] life.usc.study.schedule.HotTagTasks      : list question: 161
2020-05-12 15:37:57.472  INFO 10780 --- [scheduling-1] life.usc.study.schedule.HotTagTasks      : list question: 193
2020-05-12 15:37:57.472  INFO 10780 --- [scheduling-1] life.usc.study.schedule.HotTagTasks      : list question: 225
2020-05-12 15:37:57.472  INFO 10780 --- [scheduling-1] life.usc.study.schedule.HotTagTasks      : list question: 257
2020-05-12 15:37:57.472  INFO 10780 --- [scheduling-1] life.usc.study.schedule.HotTagTasks      : list question: 289
2020-05-12 15:37:57.472  INFO 10780 --- [scheduling-1] life.usc.study.schedule.HotTagTasks      : list question: 290
2020-05-12 15:37:57.472  INFO 10780 --- [scheduling-1] life.usc.study.schedule.HotTagTasks      : list question: 321
2020-05-12 15:37:57.473  INFO 10780 --- [scheduling-1] life.usc.study.schedule.HotTagTasks      : hotTagSchedule stop Tue May 12 15:37:57 PDT 2020
2020-05-12 15:38:02.466  INFO 10780 --- [scheduling-1] life.usc.study.schedule.HotTagTasks      : hotTagSchedule start Tue May 12 15:38:02 PDT 2020
2020-05-12 15:38:02.468  INFO 10780 --- [scheduling-1] life.usc.study.schedule.HotTagTasks      : list question: 1
2020-05-12 15:38:02.468  INFO 10780 --- [scheduling-1] life.usc.study.schedule.HotTagTasks      : list question: 2
2020-05-12 15:38:02.468  INFO 10780 --- [scheduling-1] life.usc.study.schedule.HotTagTasks      : list question: 3
2020-05-12 15:38:02.468  INFO 10780 --- [scheduling-1] life.usc.study.schedule.HotTagTasks      : list question: 4
2020-05-12 15:38:02.468  INFO 10780 --- [scheduling-1] life.usc.study.schedule.HotTagTasks      : list question: 5
2020-05-12 15:38:02.469  INFO 10780 --- [scheduling-1] life.usc.study.schedule.HotTagTasks      : list question: 6
2020-05-12 15:38:02.470  INFO 10780 --- [scheduling-1] life.usc.study.schedule.HotTagTasks      : list question: 7
2020-05-12 15:38:02.470  INFO 10780 --- [scheduling-1] life.usc.study.schedule.HotTagTasks      : list question: 8
2020-05-12 15:38:02.470  INFO 10780 --- [scheduling-1] life.usc.study.schedule.HotTagTasks      : list question: 33
2020-05-12 15:38:02.470  INFO 10780 --- [scheduling-1] life.usc.study.schedule.HotTagTasks      : list question: 65
2020-05-12 15:38:02.471  INFO 10780 --- [scheduling-1] life.usc.study.schedule.HotTagTasks      : list question: 66
2020-05-12 15:38:02.471  INFO 10780 --- [scheduling-1] life.usc.study.schedule.HotTagTasks      : list question: 97
2020-05-12 15:38:02.471  INFO 10780 --- [scheduling-1] life.usc.study.schedule.HotTagTasks      : list question: 129
2020-05-12 15:38:02.471  INFO 10780 --- [scheduling-1] life.usc.study.schedule.HotTagTasks      : list question: 161
2020-05-12 15:38:02.471  INFO 10780 --- [scheduling-1] life.usc.study.schedule.HotTagTasks      : list question: 193
2020-05-12 15:38:02.472  INFO 10780 --- [scheduling-1] life.usc.study.schedule.HotTagTasks      : list question: 225
2020-05-12 15:38:02.472  INFO 10780 --- [scheduling-1] life.usc.study.schedule.HotTagTasks      : list question: 257
2020-05-12 15:38:02.472  INFO 10780 --- [scheduling-1] life.usc.study.schedule.HotTagTasks      : list question: 289
2020-05-12 15:38:02.472  INFO 10780 --- [scheduling-1] life.usc.study.schedule.HotTagTasks      : list question: 290
2020-05-12 15:38:02.472  INFO 10780 --- [scheduling-1] life.usc.study.schedule.HotTagTasks      : list question: 321
2020-05-12 15:38:02.473  INFO 10780 --- [scheduling-1] life.usc.study.schedule.HotTagTasks      : hotTagSchedule stop Tue May 12 15:38:02 PDT 2020
